GPU available. Training with CUDA.
Saving models to models/0/
#######################################
Epoch 1
---------------------------------------
Discriminator_A Loss: 0.06255360692739487
Discriminator_B Loss: 0.009154806844890118
Generator_B2A Loss: 7.127255439758301
Generator_A2B Loss: 6.510775566101074

D_A(A) = 0.6829144954681396
D_A(G_A(B)) = 0.156729057431221

D_B(B) = 0.951592206954956
D_B(G_B(A)) = 0.1263578236103058
#######################################

#######################################
Epoch 2
---------------------------------------
Discriminator_A Loss: 0.13166169822216034
Discriminator_B Loss: 0.299174040555954
Generator_B2A Loss: 2.93943190574646
Generator_A2B Loss: 6.682128429412842

D_A(A) = 0.5932861566543579
D_A(G_A(B)) = 0.3129013180732727

D_B(B) = 0.7180987596511841
D_B(G_B(A)) = 0.7203330993652344
#######################################

#######################################
Epoch 3
---------------------------------------
Discriminator_A Loss: 0.029709188267588615
Discriminator_B Loss: 0.08923748880624771
Generator_B2A Loss: 5.692813396453857
Generator_A2B Loss: 4.331158638000488

D_A(A) = 0.8922641277313232
D_A(G_A(B)) = 0.21865808963775635

D_B(B) = 0.5820292234420776
D_B(G_B(A)) = 0.06144426763057709
#######################################

#######################################
Epoch 4
---------------------------------------
Discriminator_A Loss: 0.020606229081749916
Discriminator_B Loss: 0.1361446976661682
Generator_B2A Loss: 3.3680219650268555
Generator_A2B Loss: 5.993432521820068

D_A(A) = 0.9632548689842224
D_A(G_A(B)) = 0.19965533912181854

D_B(B) = 0.6022469997406006
D_B(G_B(A)) = 0.33776018023490906
#######################################

#######################################
Epoch 5
---------------------------------------
Discriminator_A Loss: 0.3367116153240204
Discriminator_B Loss: 0.008159509859979153
Generator_B2A Loss: 2.8346152305603027
Generator_A2B Loss: 4.302151679992676

D_A(A) = 0.33837974071502686
D_A(G_A(B)) = 0.4854707717895508

D_B(B) = 0.9788943529129028
D_B(G_B(A)) = 0.1259903609752655
#######################################

#######################################
Epoch 6
---------------------------------------
Discriminator_A Loss: 0.027169063687324524
Discriminator_B Loss: 0.24162523448467255
Generator_B2A Loss: 5.733377933502197
Generator_A2B Loss: 6.511206150054932

D_A(A) = 0.9855183959007263
D_A(G_A(B)) = 0.2326551377773285

D_B(B) = 0.3062751293182373
D_B(G_B(A)) = 0.04467976838350296
#######################################

#######################################
Epoch 7
---------------------------------------
Discriminator_A Loss: 0.21955418586730957
Discriminator_B Loss: 0.0977855995297432
Generator_B2A Loss: 4.268673896789551
Generator_A2B Loss: 3.2324070930480957

D_A(A) = 0.9357772469520569
D_A(G_A(B)) = 0.6595330238342285

D_B(B) = 0.7463299036026001
D_B(G_B(A)) = 0.36224672198295593
#######################################

#######################################
Epoch 8
---------------------------------------
Discriminator_A Loss: 0.1797022819519043
Discriminator_B Loss: 0.376889169216156
Generator_B2A Loss: 3.070236921310425
Generator_A2B Loss: 6.796408653259277

D_A(A) = 0.5336399078369141
D_A(G_A(B)) = 0.37671318650245667

D_B(B) = 0.1340053528547287
D_B(G_B(A)) = 0.061899881809949875
#######################################

#######################################
Epoch 9
---------------------------------------
Discriminator_A Loss: 0.1681496500968933
Discriminator_B Loss: 0.009980314411222935
Generator_B2A Loss: 3.514042615890503
Generator_A2B Loss: 4.306032180786133

D_A(A) = 0.6389707922935486
D_A(G_A(B)) = 0.45382505655288696

D_B(B) = 0.9244216084480286
D_B(G_B(A)) = 0.11936722695827484
#######################################

#######################################
Epoch 10
---------------------------------------
Discriminator_A Loss: 0.22625690698623657
Discriminator_B Loss: 0.12013322860002518
Generator_B2A Loss: 2.5119752883911133
Generator_A2B Loss: 3.225517511367798

D_A(A) = 0.33507034182548523
D_A(G_A(B)) = 0.1018940880894661

D_B(B) = 0.5212035179138184
D_B(G_B(A)) = 0.1049780398607254
#######################################

#######################################
Epoch 11
---------------------------------------
Discriminator_A Loss: 0.3509596288204193
Discriminator_B Loss: 0.023345772176980972
Generator_B2A Loss: 2.74338436126709
Generator_A2B Loss: 9.053492546081543

D_A(A) = 0.24879378080368042
D_A(G_A(B)) = 0.3709561824798584

D_B(B) = 0.9821343421936035
D_B(G_B(A)) = 0.2153424322605133
#######################################

#######################################
Epoch 12
---------------------------------------
Discriminator_A Loss: 0.04423043876886368
Discriminator_B Loss: 0.017283130437135696
Generator_B2A Loss: 2.390795946121216
Generator_A2B Loss: 2.3300673961639404

D_A(A) = 0.828392744064331
D_A(G_A(B)) = 0.24292349815368652

D_B(B) = 0.950532078742981
D_B(G_B(A)) = 0.17921826243400574
#######################################

#######################################
Epoch 13
---------------------------------------
Discriminator_A Loss: 0.08378095179796219
Discriminator_B Loss: 0.0889553651213646
Generator_B2A Loss: 4.697908401489258
Generator_A2B Loss: 3.0335638523101807

D_A(A) = 0.7316529154777527
D_A(G_A(B)) = 0.3091144561767578

D_B(B) = 0.5822012424468994
D_B(G_B(A)) = 0.05792165920138359
#######################################

#######################################
Epoch 14
---------------------------------------
Discriminator_A Loss: 0.03304414078593254
Discriminator_B Loss: 0.020789463073015213
Generator_B2A Loss: 6.090451240539551
Generator_A2B Loss: 2.5679078102111816

D_A(A) = 0.9108099937438965
D_A(G_A(B)) = 0.2411087453365326

D_B(B) = 0.8656766414642334
D_B(G_B(A)) = 0.1534149944782257
#######################################

#######################################
Epoch 15
---------------------------------------
Discriminator_A Loss: 0.06487396359443665
Discriminator_B Loss: 0.002380303107202053
Generator_B2A Loss: 2.7564401626586914
Generator_A2B Loss: 2.5730152130126953

D_A(A) = 0.9677240252494812
D_A(G_A(B)) = 0.3587564527988434

D_B(B) = 0.9516544342041016
D_B(G_B(A)) = 0.04922715201973915
#######################################

#######################################
Epoch 16
---------------------------------------
Discriminator_A Loss: 0.09003568440675735
Discriminator_B Loss: 0.023799056187272072
Generator_B2A Loss: 6.736630916595459
Generator_A2B Loss: 3.8918581008911133

D_A(A) = 0.9956048727035522
D_A(G_A(B)) = 0.4243254065513611

D_B(B) = 0.7844087481498718
D_B(G_B(A)) = 0.0334443673491478
#######################################

#######################################
Epoch 17
---------------------------------------
Discriminator_A Loss: 0.01833183690905571
Discriminator_B Loss: 0.2192518711090088
Generator_B2A Loss: 2.9519155025482178
Generator_A2B Loss: 2.965094804763794

D_A(A) = 0.8311497569084167
D_A(G_A(B)) = 0.0902954563498497

D_B(B) = 0.3549621105194092
D_B(G_B(A)) = 0.14976604282855988
#######################################

#######################################
Epoch 18
---------------------------------------
Discriminator_A Loss: 0.015662122517824173
Discriminator_B Loss: 0.29369521141052246
Generator_B2A Loss: 2.631446599960327
Generator_A2B Loss: 3.105848789215088

D_A(A) = 0.930115282535553
D_A(G_A(B)) = 0.16260495781898499

D_B(B) = 0.3069726228713989
D_B(G_B(A)) = 0.3272666335105896
#######################################

#######################################
Epoch 19
---------------------------------------
Discriminator_A Loss: 0.08644217252731323
Discriminator_B Loss: 0.025685692206025124
Generator_B2A Loss: 2.9225683212280273
Generator_A2B Loss: 2.959535598754883

D_A(A) = 0.8731157779693604
D_A(G_A(B)) = 0.3959605395793915

D_B(B) = 0.9154792428016663
D_B(G_B(A)) = 0.2103036493062973
#######################################

#######################################
Epoch 20
---------------------------------------
Discriminator_A Loss: 0.10180768370628357
Discriminator_B Loss: 0.026077445596456528
Generator_B2A Loss: 4.237297534942627
Generator_A2B Loss: 2.5231547355651855

D_A(A) = 0.5795422196388245
D_A(G_A(B)) = 0.16380058228969574

D_B(B) = 0.8028818368911743
D_B(G_B(A)) = 0.11532267928123474
#######################################

#######################################
Epoch 21
---------------------------------------
Discriminator_A Loss: 0.03958867862820625
Discriminator_B Loss: 0.0073593477718532085
Generator_B2A Loss: 5.22093391418457
Generator_A2B Loss: 2.9599342346191406

D_A(A) = 0.7949215769767761
D_A(G_A(B)) = 0.19266602396965027

D_B(B) = 0.8882381319999695
D_B(G_B(A)) = 0.0472014918923378
#######################################

#######################################
Epoch 22
---------------------------------------
Discriminator_A Loss: 0.02361653372645378
Discriminator_B Loss: 0.029315371066331863
Generator_B2A Loss: 2.8140575885772705
Generator_A2B Loss: 2.202552318572998

D_A(A) = 0.9920880794525146
D_A(G_A(B)) = 0.21718762814998627

D_B(B) = 0.9372992515563965
D_B(G_B(A)) = 0.2338789403438568
#######################################

#######################################
Epoch 23
---------------------------------------
Discriminator_A Loss: 0.037843938916921616
Discriminator_B Loss: 0.007811520714312792
Generator_B2A Loss: 7.049389362335205
Generator_A2B Loss: 3.8344309329986572

D_A(A) = 0.9847297668457031
D_A(G_A(B)) = 0.274690181016922

D_B(B) = 0.9751827716827393
D_B(G_B(A)) = 0.12250366061925888
#######################################

#######################################
Epoch 24
---------------------------------------
Discriminator_A Loss: 0.013850397430360317
Discriminator_B Loss: 0.08864083141088486
Generator_B2A Loss: 2.4090681076049805
Generator_A2B Loss: 2.7277135848999023

D_A(A) = 0.9878044724464417
D_A(G_A(B)) = 0.16598814725875854

D_B(B) = 0.6514066457748413
D_B(G_B(A)) = 0.23614473640918732
#######################################

#######################################
Epoch 25
---------------------------------------
Discriminator_A Loss: 0.036194395273923874
Discriminator_B Loss: 0.0891832709312439
Generator_B2A Loss: 2.210193157196045
Generator_A2B Loss: 2.860856771469116

D_A(A) = 0.9921073913574219
D_A(G_A(B)) = 0.2689358592033386

D_B(B) = 0.7859081029891968
D_B(G_B(A)) = 0.3640483617782593
#######################################

#######################################
Epoch 26
---------------------------------------
Discriminator_A Loss: 0.008509899489581585
Discriminator_B Loss: 0.413091778755188
Generator_B2A Loss: 2.3686635494232178
Generator_A2B Loss: 2.939964532852173

D_A(A) = 0.999857485294342
D_A(G_A(B)) = 0.13045987486839294

D_B(B) = 0.09421880543231964
D_B(G_B(A)) = 0.07578904926776886
#######################################

#######################################
Epoch 27
---------------------------------------
Discriminator_A Loss: 0.04031473398208618
Discriminator_B Loss: 0.030177589505910873
Generator_B2A Loss: 5.6460161209106445
Generator_A2B Loss: 2.186128616333008

D_A(A) = 0.7827739715576172
D_A(G_A(B)) = 0.18287241458892822

D_B(B) = 0.7816358208656311
D_B(G_B(A)) = 0.11257115006446838
#######################################

#######################################
Epoch 28
---------------------------------------
Discriminator_A Loss: 0.008417576551437378
Discriminator_B Loss: 0.0621541328728199
Generator_B2A Loss: 7.396136283874512
Generator_A2B Loss: 5.6799774169921875

D_A(A) = 0.8872126936912537
D_A(G_A(B)) = 0.06414185464382172

D_B(B) = 0.6492776870727539
D_B(G_B(A)) = 0.03608497604727745
#######################################

#######################################
Epoch 29
---------------------------------------
Discriminator_A Loss: 0.004930832423269749
Discriminator_B Loss: 0.014288724400103092
Generator_B2A Loss: 6.9352922439575195
Generator_A2B Loss: 2.6882424354553223

D_A(A) = 0.9953135848045349
D_A(G_A(B)) = 0.09919527173042297

D_B(B) = 0.8631525039672852
D_B(G_B(A)) = 0.09924823045730591
#######################################

#######################################
Epoch 30
---------------------------------------
Discriminator_A Loss: 0.004834378138184547
Discriminator_B Loss: 0.01817522756755352
Generator_B2A Loss: 3.3428902626037598
Generator_A2B Loss: 6.845157146453857

D_A(A) = 0.9976816177368164
D_A(G_A(B)) = 0.09830249845981598

D_B(B) = 0.8190094232559204
D_B(G_B(A)) = 0.05994053930044174
#######################################

#######################################
Epoch 31
---------------------------------------
Discriminator_A Loss: 0.004597485065460205
Discriminator_B Loss: 0.10447981208562851
Generator_B2A Loss: 2.916459560394287
Generator_A2B Loss: 1.9657413959503174

D_A(A) = 0.928739070892334
D_A(G_A(B)) = 0.06416268646717072

D_B(B) = 0.9952275156974792
D_B(G_B(A)) = 0.4570960998535156
#######################################

#######################################
Epoch 32
---------------------------------------
Discriminator_A Loss: 0.002463236451148987
Discriminator_B Loss: 0.02355952002108097
Generator_B2A Loss: 6.726736068725586
Generator_A2B Loss: 1.933545708656311

D_A(A) = 0.9789005517959595
D_A(G_A(B)) = 0.06694240868091583

D_B(B) = 0.9983177185058594
D_B(G_B(A)) = 0.21706268191337585
#######################################

#######################################
Epoch 33
---------------------------------------
Discriminator_A Loss: 0.003623965661972761
Discriminator_B Loss: 0.08800803869962692
Generator_B2A Loss: 5.638786792755127
Generator_A2B Loss: 1.462315320968628

D_A(A) = 0.9870107769966125
D_A(G_A(B)) = 0.08413805067539215

D_B(B) = 0.7762597799301147
D_B(G_B(A)) = 0.35490334033966064
#######################################

#######################################
Epoch 34
---------------------------------------
Discriminator_A Loss: 0.0036043538711965084
Discriminator_B Loss: 0.012042109854519367
Generator_B2A Loss: 2.335610866546631
Generator_A2B Loss: 7.49613618850708

D_A(A) = 0.9997856020927429
D_A(G_A(B)) = 0.08490383625030518

D_B(B) = 0.995068371295929
D_B(G_B(A)) = 0.15511253476142883
#######################################

#######################################
Epoch 35
---------------------------------------
Discriminator_A Loss: 0.005015299189835787
Discriminator_B Loss: 0.10091860592365265
Generator_B2A Loss: 2.481900215148926
Generator_A2B Loss: 2.095844030380249

D_A(A) = 0.9997528791427612
D_A(G_A(B)) = 0.10015256702899933

D_B(B) = 0.9982547760009766
D_B(G_B(A)) = 0.44925957918167114
#######################################

#######################################
Epoch 36
---------------------------------------
Discriminator_A Loss: 0.0021368740126490593
Discriminator_B Loss: 0.005607677157968283
Generator_B2A Loss: 2.801675319671631
Generator_A2B Loss: 6.218836784362793

D_A(A) = 0.9893620014190674
D_A(G_A(B)) = 0.06450256705284119

D_B(B) = 0.9738590717315674
D_B(G_B(A)) = 0.10262556374073029
#######################################

#######################################
Epoch 37
---------------------------------------
Discriminator_A Loss: 0.002488397527486086
Discriminator_B Loss: 0.09830129146575928
Generator_B2A Loss: 2.7536120414733887
Generator_A2B Loss: 1.9176305532455444

D_A(A) = 0.9855451583862305
D_A(G_A(B)) = 0.0690496414899826

D_B(B) = 0.6048216819763184
D_B(G_B(A)) = 0.20108875632286072
#######################################

#######################################
Epoch 38
---------------------------------------
Discriminator_A Loss: 0.003657241817563772
Discriminator_B Loss: 0.1586942970752716
Generator_B2A Loss: 2.6256351470947266
Generator_A2B Loss: 3.7502527236938477

D_A(A) = 0.996639609336853
D_A(G_A(B)) = 0.08545871078968048

D_B(B) = 0.4511471390724182
D_B(G_B(A)) = 0.12707926332950592
#######################################

#######################################
Epoch 39
---------------------------------------
Discriminator_A Loss: 0.018554644659161568
Discriminator_B Loss: 0.10846474766731262
Generator_B2A Loss: 2.0084896087646484
Generator_A2B Loss: 1.0820919275283813

D_A(A) = 0.9768257141113281
D_A(G_A(B)) = 0.19123870134353638

D_B(B) = 0.7967774868011475
D_B(G_B(A)) = 0.4190824627876282
#######################################

#######################################
Epoch 40
---------------------------------------
Discriminator_A Loss: 0.06451082229614258
Discriminator_B Loss: 0.1922420710325241
Generator_B2A Loss: 3.6050853729248047
Generator_A2B Loss: 3.0464365482330322

D_A(A) = 0.986548900604248
D_A(G_A(B)) = 0.3589438796043396

D_B(B) = 0.8209441304206848
D_B(G_B(A)) = 0.5936523675918579
#######################################

#######################################
Epoch 41
---------------------------------------
Discriminator_A Loss: 0.0038583555724471807
Discriminator_B Loss: 0.09905144572257996
Generator_B2A Loss: 2.8877413272857666
Generator_A2B Loss: 2.4673492908477783

D_A(A) = 0.9918355941772461
D_A(G_A(B)) = 0.0874645859003067

D_B(B) = 0.9107266068458557
D_B(G_B(A)) = 0.4360426068305969
#######################################

#######################################
Epoch 42
---------------------------------------
Discriminator_A Loss: 0.015310694463551044
Discriminator_B Loss: 0.06785107403993607
Generator_B2A Loss: 2.0983543395996094
Generator_A2B Loss: 2.853285789489746

D_A(A) = 0.9997243881225586
D_A(G_A(B)) = 0.1749894618988037

D_B(B) = 0.9480037689208984
D_B(G_B(A)) = 0.3646896481513977
#######################################

#######################################
Epoch 43
---------------------------------------
Discriminator_A Loss: 0.005572746507823467
Discriminator_B Loss: 0.09389002621173859
Generator_B2A Loss: 6.269518852233887
Generator_A2B Loss: 2.0312960147857666

D_A(A) = 0.9167542457580566
D_A(G_A(B)) = 0.06492793560028076

D_B(B) = 0.5694694519042969
D_B(G_B(A)) = 0.04922903701663017
#######################################

#######################################
Epoch 44
---------------------------------------
Discriminator_A Loss: 0.00281512294895947
Discriminator_B Loss: 0.1632690131664276
Generator_B2A Loss: 2.3983755111694336
Generator_A2B Loss: 2.4162042140960693

D_A(A) = 0.9997804164886475
D_A(G_A(B)) = 0.07503464072942734

D_B(B) = 0.5442870259284973
D_B(G_B(A)) = 0.34476619958877563
#######################################

#######################################
Epoch 45
---------------------------------------
Discriminator_A Loss: 0.0034506777301430702
Discriminator_B Loss: 0.037466682493686676
Generator_B2A Loss: 2.561941623687744
Generator_A2B Loss: 2.5202927589416504

D_A(A) = 0.989189863204956
D_A(G_A(B)) = 0.08236805349588394

D_B(B) = 0.9991452693939209
D_B(G_B(A)) = 0.2737382650375366
#######################################

